[[config]] symbreak:#t, qex-encoding:#f
[inference time] 3
[constraint]
Students,
ForallEQ[(((x$0 > 15))) ∧ ((r[1] = @0))]
Scores,
ForallEQ[((r[2] > 2)) ∧ (((x$0 > 15)))]

[query size] 4
[query aggr] #t
--------------------
[table size] (1 1) [real time] 311 ms
[table size] (2 1) [real time] 18 ms
[table size] (2 2) [real time] 46 ms
[Evaluation Result]
  (241)
  #(struct:Table dummy (dummy dummy) (((0 93855999) . 1)))
[NEQ]
[table size] (3 2) [real time] 219 ms
(#(struct:Table
   Scores
   (StudentID CourseID Points)
   (((2 16 73) . 482) ((65 18 289) . 443) ((65 259 400) . 201)))
 #(struct:Table
   Students
   (StudentNr StudentName)
   (((2 0) . 375) ((65 0) . 387))))

