[[config]] symbreak:#t, simplify-constr:#t, qex-encoding:#f
[inference time] 19
[constraint]
t,
ForallEQ[]
i,
ForallEQ[]
d,
ForallEQ[]
c,
ForallEQ[(r[1] = @0)]

[query size] 8 8
[query aggr] #t #t
--------------------
[table size] (1 1 1 1) [real time] 83 ms
[table size] (2 1 1 1) [real time] 99 ms
[Table evaluation results]
  #(struct:Table dummy (dummy dummy) (((0 50002) . 1)))
  #(struct:Table dummy (dummy dummy) ())
[NEQ]
[table size] (2 2 1 1) [real time] 270 ms
(#(struct:Table c (course_id dept_name course) (((0 0 0) . 1) ((0 0 1) . 3)))
 #(struct:Table d (dept_name budget) (((0 0) . 3)))
 #(struct:Table i (salary dept_name) (((-1 0) . 1)))
 #(struct:Table t (course_id instructor) (((0 0) . 1))))

